assignment4/singleTestApp/test/build/app/intermediates/manifest_merge_blame_file/debug/manifest-merger-blame-debug-report.txt
1<?xml version="1.0" encoding="utf-8"?>
2<manifest xmlns:android="http://schemas.android.com/apk/res/android"
3    package="com.example.test"
4    android:versionCode="1"
5    android:versionName="1.0.0" >
6
7    <uses-sdk
8        android:minSdkVersion="16"
9        android:targetSdkVersion="33" />
10    <!--
11         The INTERNET permission is required for development. Specifically,
12         the Flutter tool needs it to communicate with the running application
13         to allow setting breakpoints, to provide hot reload, etc.
14    -->
15    <uses-permission android:name="android.permission.INTERNET" />
15-->src/debug/AndroidManifest.xml:6:5-66
15-->src/debug/AndroidManifest.xml:6:22-64
16    <uses-permission android:name="android.permission.READ_CONTACTS" />
16-->src/main/AndroidManifest.xml:2:5-72
16-->src/main/AndroidManifest.xml:2:22-69
17    <uses-permission android:name="android.permission.WRITE_CONTACTS" />
17-->src/main/AndroidManifest.xml:3:5-73
17-->src/main/AndroidManifest.xml:3:22-70
18
19    <queries>
19-->[:contacts_service] AndroidManifest.xml:9:5-22:15
20        <intent>
20-->[:contacts_service] AndroidManifest.xml:10:9-12:18
21            <action android:name="android.accounts.AccountAuthenticator" />
21-->[:contacts_service] AndroidManifest.xml:11:13-76
21-->[:contacts_service] AndroidManifest.xml:11:21-73
22        </intent>
23        <!-- Allows the app to load an icon corresponding to the custom MIME type. -->
24        <intent>
24-->[:contacts_service] AndroidManifest.xml:14:9-21:18
25            <action android:name="android.intent.action.VIEW" />
25-->[:contacts_service] AndroidManifest.xml:15:13-65
25-->[:contacts_service] AndroidManifest.xml:15:21-62
26
27            <data
27-->[:contacts_service] AndroidManifest.xml:17:13-20:44
28                android:host="com.android.contacts"
28-->[:contacts_service] AndroidManifest.xml:18:17-52
29                android:mimeType="vnd.android.cursor.item/*"
29-->[:contacts_service] AndroidManifest.xml:19:17-61
30                android:scheme="content" />
30-->[:contacts_service] AndroidManifest.xml:20:17-41
31        </intent>
32    </queries>
33
34    <application
35        android:name="android.app.Application"
36        android:appComponentFactory="androidx.core.app.CoreComponentFactory"
36-->[androidx.core:core:1.6.0] AndroidManifest.xml:24:18-86
37        android:debuggable="true"
38        android:icon="@mipmap/ic_launcher"
39        android:label="test" >
40        <activity
41            android:name="com.example.test.MainActivity"
42            android:configChanges="orientation|keyboardHidden|keyboard|screenSize|smallestScreenSize|locale|layoutDirection|fontScale|screenLayout|density|uiMode"
43            android:exported="true"
44            android:hardwareAccelerated="true"
45            android:launchMode="singleTop"
46            android:theme="@style/LaunchTheme"
47            android:windowSoftInputMode="adjustResize" >
48
49            <!--
50                 Specifies an Android theme to apply to this Activity as soon as
51                 the Android process has started. This theme is visible to the user
52                 while the Flutter UI initializes. After that, this theme continues
53                 to determine the Window background behind the Flutter UI.
54            -->
55            <meta-data
56                android:name="io.flutter.embedding.android.NormalTheme"
57                android:resource="@style/NormalTheme" />
58
59            <intent-filter>
60                <action android:name="android.intent.action.MAIN" />
61
62                <category android:name="android.intent.category.LAUNCHER" />
63            </intent-filter>
64        </activity>
65        <!--
66             Don't delete the meta-data below.
67             This is used by the Flutter tool to generate GeneratedPluginRegistrant.java
68        -->
69        <meta-data
70            android:name="flutterEmbedding"
71            android:value="2" />
72
73        <uses-library
73-->[androidx.window:window:1.0.0-beta04] AndroidManifest.xml:25:9-27:40
74            android:name="androidx.window.extensions"
74-->[androidx.window:window:1.0.0-beta04] AndroidManifest.xml:26:13-54
75            android:required="false" />
75-->[androidx.window:window:1.0.0-beta04] AndroidManifest.xml:27:13-37
76        <uses-library
76-->[androidx.window:window:1.0.0-beta04] AndroidManifest.xml:28:9-30:40
77            android:name="androidx.window.sidecar"
77-->[androidx.window:window:1.0.0-beta04] AndroidManifest.xml:29:13-51
78            android:required="false" />
78-->[androidx.window:window:1.0.0-beta04] AndroidManifest.xml:30:13-37
79    </application>
80
81</manifest>